[0.019s] Invoking command in '/home/vboxuser/ros2_ws/build/obstacle_avoidance_tb3': CMAKE_PREFIX_PATH=${CMAKE_PREFIX_PATH}:/opt/ros/humble /usr/bin/cmake /home/vboxuser/ros2_ws/src/obstacle_avoidance_tb3 -DCMAKE_INSTALL_PREFIX=/home/vboxuser/ros2_ws/install/obstacle_avoidance_tb3
[0.105s] -- The C compiler identification is GNU 11.4.0
[0.205s] -- The CXX compiler identification is GNU 11.4.0
[0.219s] -- Detecting C compiler ABI info
[0.319s] -- Detecting C compiler ABI info - done
[0.342s] -- Check for working C compiler: /usr/bin/cc - skipped
[0.342s] -- Detecting C compile features
[0.343s] -- Detecting C compile features - done
[0.350s] -- Detecting CXX compiler ABI info
[0.471s] -- Detecting CXX compiler ABI info - done
[0.493s] -- Check for working CXX compiler: /usr/bin/c++ - skipped
[0.493s] -- Detecting CXX compile features
[0.494s] -- Detecting CXX compile features - done
[0.498s] -- Found ament_cmake: 1.3.11 (/opt/ros/humble/share/ament_cmake/cmake)
[0.740s] -- Found Python3: /usr/bin/python3 (found version "3.10.12") found components: Interpreter 
[0.892s] -- Found rclpy: 3.3.15 (/opt/ros/humble/share/rclpy/cmake)
[1.002s] -- Configuring done
[1.006s] -- Generating done
[1.009s] -- Build files have been written to: /home/vboxuser/ros2_ws/build/obstacle_avoidance_tb3
[1.015s] Invoked command in '/home/vboxuser/ros2_ws/build/obstacle_avoidance_tb3' returned '0': CMAKE_PREFIX_PATH=${CMAKE_PREFIX_PATH}:/opt/ros/humble /usr/bin/cmake /home/vboxuser/ros2_ws/src/obstacle_avoidance_tb3 -DCMAKE_INSTALL_PREFIX=/home/vboxuser/ros2_ws/install/obstacle_avoidance_tb3
[1.018s] Invoking command in '/home/vboxuser/ros2_ws/build/obstacle_avoidance_tb3': CMAKE_PREFIX_PATH=${CMAKE_PREFIX_PATH}:/opt/ros/humble /usr/bin/cmake --build /home/vboxuser/ros2_ws/build/obstacle_avoidance_tb3 -- -j4 -l4
[1.069s] Invoked command in '/home/vboxuser/ros2_ws/build/obstacle_avoidance_tb3' returned '0': CMAKE_PREFIX_PATH=${CMAKE_PREFIX_PATH}:/opt/ros/humble /usr/bin/cmake --build /home/vboxuser/ros2_ws/build/obstacle_avoidance_tb3 -- -j4 -l4
[1.082s] Invoking command in '/home/vboxuser/ros2_ws/build/obstacle_avoidance_tb3': CMAKE_PREFIX_PATH=${CMAKE_PREFIX_PATH}:/opt/ros/humble /usr/bin/cmake --install /home/vboxuser/ros2_ws/build/obstacle_avoidance_tb3
[1.093s] -- Install configuration: ""
[1.093s] -- Installing: /home/vboxuser/ros2_ws/install/obstacle_avoidance_tb3/lib/obstacle_avoidance_tb3
[1.093s] -- Installing: /home/vboxuser/ros2_ws/install/obstacle_avoidance_tb3/lib/obstacle_avoidance_tb3/your_node.py
[1.093s] -- Installing: /home/vboxuser/ros2_ws/install/obstacle_avoidance_tb3/lib/obstacle_avoidance_tb3/obstacle_avoidance.py
[1.093s] -- Installing: /home/vboxuser/ros2_ws/install/obstacle_avoidance_tb3/lib/obstacle_avoidance_tb3/your_node.cpp
[1.093s] -- Installing: /home/vboxuser/ros2_ws/install/obstacle_avoidance_tb3/share/ament_index/resource_index/package_run_dependencies/obstacle_avoidance_tb3
[1.093s] -- Installing: /home/vboxuser/ros2_ws/install/obstacle_avoidance_tb3/share/ament_index/resource_index/parent_prefix_path/obstacle_avoidance_tb3
[1.093s] -- Installing: /home/vboxuser/ros2_ws/install/obstacle_avoidance_tb3/share/obstacle_avoidance_tb3/environment/ament_prefix_path.sh
[1.094s] -- Installing: /home/vboxuser/ros2_ws/install/obstacle_avoidance_tb3/share/obstacle_avoidance_tb3/environment/ament_prefix_path.dsv
[1.094s] -- Installing: /home/vboxuser/ros2_ws/install/obstacle_avoidance_tb3/share/obstacle_avoidance_tb3/environment/path.sh
[1.094s] -- Installing: /home/vboxuser/ros2_ws/install/obstacle_avoidance_tb3/share/obstacle_avoidance_tb3/environment/path.dsv
[1.094s] -- Installing: /home/vboxuser/ros2_ws/install/obstacle_avoidance_tb3/share/obstacle_avoidance_tb3/local_setup.bash
[1.095s] -- Installing: /home/vboxuser/ros2_ws/install/obstacle_avoidance_tb3/share/obstacle_avoidance_tb3/local_setup.sh
[1.095s] -- Installing: /home/vboxuser/ros2_ws/install/obstacle_avoidance_tb3/share/obstacle_avoidance_tb3/local_setup.zsh
[1.095s] -- Installing: /home/vboxuser/ros2_ws/install/obstacle_avoidance_tb3/share/obstacle_avoidance_tb3/local_setup.dsv
[1.095s] -- Installing: /home/vboxuser/ros2_ws/install/obstacle_avoidance_tb3/share/obstacle_avoidance_tb3/package.dsv
[1.095s] -- Installing: /home/vboxuser/ros2_ws/install/obstacle_avoidance_tb3/share/ament_index/resource_index/packages/obstacle_avoidance_tb3
[1.095s] -- Installing: /home/vboxuser/ros2_ws/install/obstacle_avoidance_tb3/share/obstacle_avoidance_tb3/cmake/obstacle_avoidance_tb3Config.cmake
[1.095s] -- Installing: /home/vboxuser/ros2_ws/install/obstacle_avoidance_tb3/share/obstacle_avoidance_tb3/cmake/obstacle_avoidance_tb3Config-version.cmake
[1.095s] -- Installing: /home/vboxuser/ros2_ws/install/obstacle_avoidance_tb3/share/obstacle_avoidance_tb3/package.xml
[1.097s] Invoked command in '/home/vboxuser/ros2_ws/build/obstacle_avoidance_tb3' returned '0': CMAKE_PREFIX_PATH=${CMAKE_PREFIX_PATH}:/opt/ros/humble /usr/bin/cmake --install /home/vboxuser/ros2_ws/build/obstacle_avoidance_tb3
